[2023-11-27T17:14:23.785Z] ERROR: Prueba log - nivel error
[2023-11-27T17:14:23.788Z] ERROR: Prueba log - nivel error
[2023-11-27T17:14:23.788Z] WARN: Prueba log - nivel warn
[2023-11-27T17:14:23.789Z] INFO: Prueba log - nivel info
[2023-11-27T17:15:08.571Z] ERROR: Prueba log - nivel error
[2023-11-27T17:15:08.572Z] ERROR: Prueba log - nivel error
[2023-11-27T17:15:08.572Z] WARN: Prueba log - nivel warn
[2023-11-27T17:15:08.573Z] INFO: Prueba log - nivel info
[2023-11-27T17:53:41.149Z] ERROR: Error: Password incorrect!
[2023-11-27T17:56:08.421Z] INFO: All fields are required
[2023-12-08T00:21:41.846Z] ERROR: Error: User not authorized to delete this product
[2023-12-14T22:59:37.131Z] INFO: All fields are required
[2023-12-14T23:00:19.066Z] INFO: All fields are required
[2023-12-14T23:00:31.412Z] INFO: All fields are required
[2023-12-14T23:01:15.441Z] INFO: All fields are required
[2023-12-14T23:59:28.015Z] ERROR: CastError: Cast to ObjectId failed for value "{id}" (type string) at path "_id" for model "Product"
[2023-12-15T00:00:08.145Z] ERROR: CastError: Cast to ObjectId failed for value "{uid}" (type string) at path "_id" for model "Product"
[2023-12-22T00:16:17.049Z] ERROR: CastError: Cast to ObjectId failed for value "TEST000" (type string) at path "_id" for model "Product"
[2023-12-22T00:49:27.227Z] INFO: All fields are required
[2023-12-22T00:50:29.874Z] INFO: All fields are required
[2023-12-22T00:51:58.738Z] INFO: All fields are required
[2023-12-22T00:53:28.792Z] INFO: All fields are required
[2023-12-22T00:54:02.095Z] INFO: All fields are required
[2023-12-22T00:54:38.380Z] INFO: All fields are required
[2023-12-22T00:54:57.244Z] INFO: All fields are required
[2023-12-22T00:55:19.146Z] INFO: All fields are required
[2023-12-22T00:55:30.946Z] INFO: All fields are required
[2023-12-22T00:56:32.612Z] INFO: All fields are required
[2023-12-22T00:57:14.609Z] INFO: All fields are required
[2023-12-22T00:57:27.674Z] INFO: All fields are required
[2023-12-22T00:58:28.818Z] INFO: All fields are required
[2023-12-22T19:50:36.382Z] ERROR: Missing credentials
[2023-12-22T22:17:21.298Z] ERROR: Missing credentials
